running egg_info
creating ../../build/mapping_bringup/mapping_bringup.egg-info
writing ../../build/mapping_bringup/mapping_bringup.egg-info/PKG-INFO
writing dependency_links to ../../build/mapping_bringup/mapping_bringup.egg-info/dependency_links.txt
writing entry points to ../../build/mapping_bringup/mapping_bringup.egg-info/entry_points.txt
writing requirements to ../../build/mapping_bringup/mapping_bringup.egg-info/requires.txt
writing top-level names to ../../build/mapping_bringup/mapping_bringup.egg-info/top_level.txt
writing manifest file '../../build/mapping_bringup/mapping_bringup.egg-info/SOURCES.txt'
reading manifest file '../../build/mapping_bringup/mapping_bringup.egg-info/SOURCES.txt'
writing manifest file '../../build/mapping_bringup/mapping_bringup.egg-info/SOURCES.txt'
running build
running build_py
creating /home/biswash/workspace/map_rplidar/build/mapping_bringup/build
creating /home/biswash/workspace/map_rplidar/build/mapping_bringup/build/lib
creating /home/biswash/workspace/map_rplidar/build/mapping_bringup/build/lib/mapping_bringup
copying mapping_bringup/__init__.py -> /home/biswash/workspace/map_rplidar/build/mapping_bringup/build/lib/mapping_bringup
running install
running install_lib
creating /home/biswash/workspace/map_rplidar/install/mapping_bringup/lib/python3.10/site-packages/mapping_bringup
copying /home/biswash/workspace/map_rplidar/build/mapping_bringup/build/lib/mapping_bringup/__init__.py -> /home/biswash/workspace/map_rplidar/install/mapping_bringup/lib/python3.10/site-packages/mapping_bringup
byte-compiling /home/biswash/workspace/map_rplidar/install/mapping_bringup/lib/python3.10/site-packages/mapping_bringup/__init__.py to __init__.cpython-310.pyc
running install_data
creating /home/biswash/workspace/map_rplidar/install/mapping_bringup/share/ament_index
creating /home/biswash/workspace/map_rplidar/install/mapping_bringup/share/ament_index/resource_index
creating /home/biswash/workspace/map_rplidar/install/mapping_bringup/share/ament_index/resource_index/packages
copying resource/mapping_bringup -> /home/biswash/workspace/map_rplidar/install/mapping_bringup/share/ament_index/resource_index/packages
copying package.xml -> /home/biswash/workspace/map_rplidar/install/mapping_bringup/share/mapping_bringup
creating /home/biswash/workspace/map_rplidar/install/mapping_bringup/share/mapping_bringup/launch
copying launch/rp_lidar_launch.py -> /home/biswash/workspace/map_rplidar/install/mapping_bringup/share/mapping_bringup/launch
copying launch/slam_launch.py -> /home/biswash/workspace/map_rplidar/install/mapping_bringup/share/mapping_bringup/launch
copying launch/bag_rp_lidar_slam_launch.py -> /home/biswash/workspace/map_rplidar/install/mapping_bringup/share/mapping_bringup/launch
copying launch/rp_lidar_slam_launch.py -> /home/biswash/workspace/map_rplidar/install/mapping_bringup/share/mapping_bringup/launch
running install_egg_info
Copying ../../build/mapping_bringup/mapping_bringup.egg-info to /home/biswash/workspace/map_rplidar/install/mapping_bringup/lib/python3.10/site-packages/mapping_bringup-0.0.0-py3.10.egg-info
running install_scripts
writing list of installed files to '/home/biswash/workspace/map_rplidar/build/mapping_bringup/install.log'
