[1.669s] Invoking command in '/home/biswash/workspace/map_rplidar/src/mapping_bringup': PYTHONPATH=/home/biswash/workspace/map_rplidar/build/mapping_bringup/prefix_override:/usr/lib/python3/dist-packages/colcon_core/task/python/colcon_distutils_commands:/home/biswash/workspace/map_rplidar/install/mapping_bringup/lib/python3.10/site-packages:${PYTHONPATH} /usr/bin/python3 -W ignore:setup.py install is deprecated -W ignore:easy_install command is deprecated setup.py egg_info --egg-base ../../build/mapping_bringup build --build-base /home/biswash/workspace/map_rplidar/build/mapping_bringup/build install --record /home/biswash/workspace/map_rplidar/build/mapping_bringup/install.log --single-version-externally-managed install_data
[2.683s] running egg_info
[2.686s] creating ../../build/mapping_bringup/mapping_bringup.egg-info
[2.687s] writing ../../build/mapping_bringup/mapping_bringup.egg-info/PKG-INFO
[2.687s] writing dependency_links to ../../build/mapping_bringup/mapping_bringup.egg-info/dependency_links.txt
[2.687s] writing entry points to ../../build/mapping_bringup/mapping_bringup.egg-info/entry_points.txt
[2.687s] writing requirements to ../../build/mapping_bringup/mapping_bringup.egg-info/requires.txt
[2.687s] writing top-level names to ../../build/mapping_bringup/mapping_bringup.egg-info/top_level.txt
[2.687s] writing manifest file '../../build/mapping_bringup/mapping_bringup.egg-info/SOURCES.txt'
[2.692s] reading manifest file '../../build/mapping_bringup/mapping_bringup.egg-info/SOURCES.txt'
[2.694s] writing manifest file '../../build/mapping_bringup/mapping_bringup.egg-info/SOURCES.txt'
[2.697s] running build
[2.697s] running build_py
[2.697s] creating /home/biswash/workspace/map_rplidar/build/mapping_bringup/build
[2.697s] creating /home/biswash/workspace/map_rplidar/build/mapping_bringup/build/lib
[2.698s] creating /home/biswash/workspace/map_rplidar/build/mapping_bringup/build/lib/mapping_bringup
[2.698s] copying mapping_bringup/__init__.py -> /home/biswash/workspace/map_rplidar/build/mapping_bringup/build/lib/mapping_bringup
[2.698s] running install
[2.698s] running install_lib
[2.702s] creating /home/biswash/workspace/map_rplidar/install/mapping_bringup/lib/python3.10/site-packages/mapping_bringup
[2.703s] copying /home/biswash/workspace/map_rplidar/build/mapping_bringup/build/lib/mapping_bringup/__init__.py -> /home/biswash/workspace/map_rplidar/install/mapping_bringup/lib/python3.10/site-packages/mapping_bringup
[2.706s] byte-compiling /home/biswash/workspace/map_rplidar/install/mapping_bringup/lib/python3.10/site-packages/mapping_bringup/__init__.py to __init__.cpython-310.pyc
[2.707s] running install_data
[2.707s] creating /home/biswash/workspace/map_rplidar/install/mapping_bringup/share/ament_index
[2.708s] creating /home/biswash/workspace/map_rplidar/install/mapping_bringup/share/ament_index/resource_index
[2.708s] creating /home/biswash/workspace/map_rplidar/install/mapping_bringup/share/ament_index/resource_index/packages
[2.711s] copying resource/mapping_bringup -> /home/biswash/workspace/map_rplidar/install/mapping_bringup/share/ament_index/resource_index/packages
[2.711s] copying package.xml -> /home/biswash/workspace/map_rplidar/install/mapping_bringup/share/mapping_bringup
[2.712s] creating /home/biswash/workspace/map_rplidar/install/mapping_bringup/share/mapping_bringup/launch
[2.712s] copying launch/rp_lidar_launch.py -> /home/biswash/workspace/map_rplidar/install/mapping_bringup/share/mapping_bringup/launch
[2.712s] copying launch/slam_launch.py -> /home/biswash/workspace/map_rplidar/install/mapping_bringup/share/mapping_bringup/launch
[2.713s] copying launch/bag_rp_lidar_slam_launch.py -> /home/biswash/workspace/map_rplidar/install/mapping_bringup/share/mapping_bringup/launch
[2.714s] copying launch/rp_lidar_slam_launch.py -> /home/biswash/workspace/map_rplidar/install/mapping_bringup/share/mapping_bringup/launch
[2.714s] running install_egg_info
[2.723s] Copying ../../build/mapping_bringup/mapping_bringup.egg-info to /home/biswash/workspace/map_rplidar/install/mapping_bringup/lib/python3.10/site-packages/mapping_bringup-0.0.0-py3.10.egg-info
[2.730s] running install_scripts
[2.801s] writing list of installed files to '/home/biswash/workspace/map_rplidar/build/mapping_bringup/install.log'
[2.890s] Invoked command in '/home/biswash/workspace/map_rplidar/src/mapping_bringup' returned '0': PYTHONPATH=/home/biswash/workspace/map_rplidar/build/mapping_bringup/prefix_override:/usr/lib/python3/dist-packages/colcon_core/task/python/colcon_distutils_commands:/home/biswash/workspace/map_rplidar/install/mapping_bringup/lib/python3.10/site-packages:${PYTHONPATH} /usr/bin/python3 -W ignore:setup.py install is deprecated -W ignore:easy_install command is deprecated setup.py egg_info --egg-base ../../build/mapping_bringup build --build-base /home/biswash/workspace/map_rplidar/build/mapping_bringup/build install --record /home/biswash/workspace/map_rplidar/build/mapping_bringup/install.log --single-version-externally-managed install_data
