-- Install configuration: ""
-- Up-to-date: /home/biswash/workspace/map_rplidar/install/transforms/share/transforms/launch
-- Up-to-date: /home/biswash/workspace/map_rplidar/install/transforms/share/transforms/launch/__pycache__
-- Up-to-date: /home/biswash/workspace/map_rplidar/install/transforms/share/transforms/launch/__pycache__/tfsetup_launch.cpython-38.pyc
-- Up-to-date: /home/biswash/workspace/map_rplidar/install/transforms/share/transforms/launch/__pycache__/tf_setup_launch.cpython-310.pyc
-- Up-to-date: /home/biswash/workspace/map_rplidar/install/transforms/share/transforms/launch/__pycache__/tf_setup_launch.cpython-38.pyc
-- Up-to-date: /home/biswash/workspace/map_rplidar/install/transforms/share/transforms/launch/__pycache__/new_launch.cpython-38.pyc
-- Up-to-date: /home/biswash/workspace/map_rplidar/install/transforms/share/transforms/launch/tf_setup_launch.py
-- Up-to-date: /home/biswash/workspace/map_rplidar/install/transforms/share/ament_index/resource_index/package_run_dependencies/transforms
-- Up-to-date: /home/biswash/workspace/map_rplidar/install/transforms/share/ament_index/resource_index/parent_prefix_path/transforms
-- Up-to-date: /home/biswash/workspace/map_rplidar/install/transforms/share/transforms/environment/ament_prefix_path.sh
-- Up-to-date: /home/biswash/workspace/map_rplidar/install/transforms/share/transforms/environment/ament_prefix_path.dsv
-- Up-to-date: /home/biswash/workspace/map_rplidar/install/transforms/share/transforms/environment/path.sh
-- Up-to-date: /home/biswash/workspace/map_rplidar/install/transforms/share/transforms/environment/path.dsv
-- Up-to-date: /home/biswash/workspace/map_rplidar/install/transforms/share/transforms/local_setup.bash
-- Up-to-date: /home/biswash/workspace/map_rplidar/install/transforms/share/transforms/local_setup.sh
-- Up-to-date: /home/biswash/workspace/map_rplidar/install/transforms/share/transforms/local_setup.zsh
-- Up-to-date: /home/biswash/workspace/map_rplidar/install/transforms/share/transforms/local_setup.dsv
-- Up-to-date: /home/biswash/workspace/map_rplidar/install/transforms/share/transforms/package.dsv
-- Up-to-date: /home/biswash/workspace/map_rplidar/install/transforms/share/ament_index/resource_index/packages/transforms
-- Up-to-date: /home/biswash/workspace/map_rplidar/install/transforms/share/transforms/cmake/transformsConfig.cmake
-- Up-to-date: /home/biswash/workspace/map_rplidar/install/transforms/share/transforms/cmake/transformsConfig-version.cmake
-- Up-to-date: /home/biswash/workspace/map_rplidar/install/transforms/share/transforms/package.xml
