[1.008s] Invoking command in '/home/biswash/workspace/map_rplidar/build/transforms': CMAKE_PREFIX_PATH=${CMAKE_PREFIX_PATH}:/home/biswash/workspace/map_rplidar/install/mapping_bringup:/home/biswash/workspace/map_rplidar/install/dummy_robot_description:/home/biswash/navigation2_tutorials/install/nav2_mirrored_rectangles:/home/biswash/ws_ros2_camera/install/test_segmented_in_turtlebot:/home/biswash/ws_ros2_camera/install/ros2_opencv:/home/biswash/ws_ros2_camera/install/lane_segmentation_in_ros2:/home/biswash/ws_ros2_camera/install/face_detection_ros2:/home/biswash/workspace/install/src_gazebo_controller:/home/biswash/workspace/install/fl_nav2_helper:/home/biswash/workspace/tutorial_gpt/install/task_1_hello_ros_py:/opt/ros/humble /usr/bin/cmake --build /home/biswash/workspace/map_rplidar/build/transforms -- -j12 -l12
[1.117s] Invoked command in '/home/biswash/workspace/map_rplidar/build/transforms' returned '0': CMAKE_PREFIX_PATH=${CMAKE_PREFIX_PATH}:/home/biswash/workspace/map_rplidar/install/mapping_bringup:/home/biswash/workspace/map_rplidar/install/dummy_robot_description:/home/biswash/navigation2_tutorials/install/nav2_mirrored_rectangles:/home/biswash/ws_ros2_camera/install/test_segmented_in_turtlebot:/home/biswash/ws_ros2_camera/install/ros2_opencv:/home/biswash/ws_ros2_camera/install/lane_segmentation_in_ros2:/home/biswash/ws_ros2_camera/install/face_detection_ros2:/home/biswash/workspace/install/src_gazebo_controller:/home/biswash/workspace/install/fl_nav2_helper:/home/biswash/workspace/tutorial_gpt/install/task_1_hello_ros_py:/opt/ros/humble /usr/bin/cmake --build /home/biswash/workspace/map_rplidar/build/transforms -- -j12 -l12
[1.120s] Invoking command in '/home/biswash/workspace/map_rplidar/build/transforms': CMAKE_PREFIX_PATH=${CMAKE_PREFIX_PATH}:/home/biswash/workspace/map_rplidar/install/mapping_bringup:/home/biswash/workspace/map_rplidar/install/dummy_robot_description:/home/biswash/navigation2_tutorials/install/nav2_mirrored_rectangles:/home/biswash/ws_ros2_camera/install/test_segmented_in_turtlebot:/home/biswash/ws_ros2_camera/install/ros2_opencv:/home/biswash/ws_ros2_camera/install/lane_segmentation_in_ros2:/home/biswash/ws_ros2_camera/install/face_detection_ros2:/home/biswash/workspace/install/src_gazebo_controller:/home/biswash/workspace/install/fl_nav2_helper:/home/biswash/workspace/tutorial_gpt/install/task_1_hello_ros_py:/opt/ros/humble /usr/bin/cmake --install /home/biswash/workspace/map_rplidar/build/transforms
[1.140s] -- Install configuration: ""
[1.141s] -- Up-to-date: /home/biswash/workspace/map_rplidar/install/transforms/share/transforms/launch
[1.141s] -- Up-to-date: /home/biswash/workspace/map_rplidar/install/transforms/share/transforms/launch/__pycache__
[1.141s] -- Up-to-date: /home/biswash/workspace/map_rplidar/install/transforms/share/transforms/launch/__pycache__/tfsetup_launch.cpython-38.pyc
[1.141s] -- Up-to-date: /home/biswash/workspace/map_rplidar/install/transforms/share/transforms/launch/__pycache__/tf_setup_launch.cpython-310.pyc
[1.141s] -- Up-to-date: /home/biswash/workspace/map_rplidar/install/transforms/share/transforms/launch/__pycache__/tf_setup_launch.cpython-38.pyc
[1.142s] -- Up-to-date: /home/biswash/workspace/map_rplidar/install/transforms/share/transforms/launch/__pycache__/new_launch.cpython-38.pyc
[1.142s] -- Up-to-date: /home/biswash/workspace/map_rplidar/install/transforms/share/transforms/launch/tf_setup_launch.py
[1.142s] -- Up-to-date: /home/biswash/workspace/map_rplidar/install/transforms/share/ament_index/resource_index/package_run_dependencies/transforms
[1.142s] -- Up-to-date: /home/biswash/workspace/map_rplidar/install/transforms/share/ament_index/resource_index/parent_prefix_path/transforms
[1.142s] -- Up-to-date: /home/biswash/workspace/map_rplidar/install/transforms/share/transforms/environment/ament_prefix_path.sh
[1.142s] -- Up-to-date: /home/biswash/workspace/map_rplidar/install/transforms/share/transforms/environment/ament_prefix_path.dsv
[1.143s] -- Up-to-date: /home/biswash/workspace/map_rplidar/install/transforms/share/transforms/environment/path.sh
[1.143s] -- Up-to-date: /home/biswash/workspace/map_rplidar/install/transforms/share/transforms/environment/path.dsv
[1.143s] -- Up-to-date: /home/biswash/workspace/map_rplidar/install/transforms/share/transforms/local_setup.bash
[1.143s] -- Up-to-date: /home/biswash/workspace/map_rplidar/install/transforms/share/transforms/local_setup.sh
[1.143s] -- Up-to-date: /home/biswash/workspace/map_rplidar/install/transforms/share/transforms/local_setup.zsh
[1.143s] -- Up-to-date: /home/biswash/workspace/map_rplidar/install/transforms/share/transforms/local_setup.dsv
[1.144s] -- Installing: /home/biswash/workspace/map_rplidar/install/transforms/share/transforms/package.dsv
[1.144s] -- Up-to-date: /home/biswash/workspace/map_rplidar/install/transforms/share/ament_index/resource_index/packages/transforms
[1.144s] -- Up-to-date: /home/biswash/workspace/map_rplidar/install/transforms/share/transforms/cmake/transformsConfig.cmake
[1.144s] -- Up-to-date: /home/biswash/workspace/map_rplidar/install/transforms/share/transforms/cmake/transformsConfig-version.cmake
[1.144s] -- Up-to-date: /home/biswash/workspace/map_rplidar/install/transforms/share/transforms/package.xml
[1.148s] Invoked command in '/home/biswash/workspace/map_rplidar/build/transforms' returned '0': CMAKE_PREFIX_PATH=${CMAKE_PREFIX_PATH}:/home/biswash/workspace/map_rplidar/install/mapping_bringup:/home/biswash/workspace/map_rplidar/install/dummy_robot_description:/home/biswash/navigation2_tutorials/install/nav2_mirrored_rectangles:/home/biswash/ws_ros2_camera/install/test_segmented_in_turtlebot:/home/biswash/ws_ros2_camera/install/ros2_opencv:/home/biswash/ws_ros2_camera/install/lane_segmentation_in_ros2:/home/biswash/ws_ros2_camera/install/face_detection_ros2:/home/biswash/workspace/install/src_gazebo_controller:/home/biswash/workspace/install/fl_nav2_helper:/home/biswash/workspace/tutorial_gpt/install/task_1_hello_ros_py:/opt/ros/humble /usr/bin/cmake --install /home/biswash/workspace/map_rplidar/build/transforms
