[1.026s] Invoking command in '/home/biswash/workspace/map_rplidar/build/rf2o_laser_odometry': CMAKE_PREFIX_PATH=${CMAKE_PREFIX_PATH}:/home/biswash/workspace/map_rplidar/install/mapping_bringup:/home/biswash/workspace/map_rplidar/install/dummy_robot_description:/home/biswash/navigation2_tutorials/install/nav2_mirrored_rectangles:/home/biswash/ws_ros2_camera/install/test_segmented_in_turtlebot:/home/biswash/ws_ros2_camera/install/ros2_opencv:/home/biswash/ws_ros2_camera/install/lane_segmentation_in_ros2:/home/biswash/ws_ros2_camera/install/face_detection_ros2:/home/biswash/workspace/install/src_gazebo_controller:/home/biswash/workspace/install/fl_nav2_helper:/home/biswash/workspace/tutorial_gpt/install/task_1_hello_ros_py:/opt/ros/humble /usr/bin/cmake --build /home/biswash/workspace/map_rplidar/build/rf2o_laser_odometry -- -j12 -l12
[1.140s] [35m[1mConsolidate compiler generated dependencies of target rf2o_laser_odometry[0m
[1.142s] [35m[1mConsolidate compiler generated dependencies of target rf2o_laser_odometry_node[0m
[1.183s] [ 40%] Built target rf2o_laser_odometry
[1.198s] [100%] Built target rf2o_laser_odometry_node
[1.229s] Invoked command in '/home/biswash/workspace/map_rplidar/build/rf2o_laser_odometry' returned '0': CMAKE_PREFIX_PATH=${CMAKE_PREFIX_PATH}:/home/biswash/workspace/map_rplidar/install/mapping_bringup:/home/biswash/workspace/map_rplidar/install/dummy_robot_description:/home/biswash/navigation2_tutorials/install/nav2_mirrored_rectangles:/home/biswash/ws_ros2_camera/install/test_segmented_in_turtlebot:/home/biswash/ws_ros2_camera/install/ros2_opencv:/home/biswash/ws_ros2_camera/install/lane_segmentation_in_ros2:/home/biswash/ws_ros2_camera/install/face_detection_ros2:/home/biswash/workspace/install/src_gazebo_controller:/home/biswash/workspace/install/fl_nav2_helper:/home/biswash/workspace/tutorial_gpt/install/task_1_hello_ros_py:/opt/ros/humble /usr/bin/cmake --build /home/biswash/workspace/map_rplidar/build/rf2o_laser_odometry -- -j12 -l12
[1.230s] Invoking command in '/home/biswash/workspace/map_rplidar/build/rf2o_laser_odometry': CMAKE_PREFIX_PATH=${CMAKE_PREFIX_PATH}:/home/biswash/workspace/map_rplidar/install/mapping_bringup:/home/biswash/workspace/map_rplidar/install/dummy_robot_description:/home/biswash/navigation2_tutorials/install/nav2_mirrored_rectangles:/home/biswash/ws_ros2_camera/install/test_segmented_in_turtlebot:/home/biswash/ws_ros2_camera/install/ros2_opencv:/home/biswash/ws_ros2_camera/install/lane_segmentation_in_ros2:/home/biswash/ws_ros2_camera/install/face_detection_ros2:/home/biswash/workspace/install/src_gazebo_controller:/home/biswash/workspace/install/fl_nav2_helper:/home/biswash/workspace/tutorial_gpt/install/task_1_hello_ros_py:/opt/ros/humble /usr/bin/cmake --install /home/biswash/workspace/map_rplidar/build/rf2o_laser_odometry
[1.250s] -- Install configuration: ""
[1.250s] -- Up-to-date: /home/biswash/workspace/map_rplidar/install/rf2o_laser_odometry/lib/rf2o_laser_odometry/rf2o_laser_odometry_node
[1.250s] -- Up-to-date: /home/biswash/workspace/map_rplidar/install/rf2o_laser_odometry/share/rf2o_laser_odometry/launch
[1.251s] -- Up-to-date: /home/biswash/workspace/map_rplidar/install/rf2o_laser_odometry/share/rf2o_laser_odometry/launch/__pycache__
[1.251s] -- Up-to-date: /home/biswash/workspace/map_rplidar/install/rf2o_laser_odometry/share/rf2o_laser_odometry/launch/__pycache__/rf2o_laser_odometry.launch.cpython-310.pyc
[1.251s] -- Up-to-date: /home/biswash/workspace/map_rplidar/install/rf2o_laser_odometry/share/rf2o_laser_odometry/launch/rf2o_laser_odometry.launch.py
[1.251s] -- Up-to-date: /home/biswash/workspace/map_rplidar/install/rf2o_laser_odometry/share/ament_index/resource_index/package_run_dependencies/rf2o_laser_odometry
[1.251s] -- Up-to-date: /home/biswash/workspace/map_rplidar/install/rf2o_laser_odometry/share/ament_index/resource_index/parent_prefix_path/rf2o_laser_odometry
[1.251s] -- Up-to-date: /home/biswash/workspace/map_rplidar/install/rf2o_laser_odometry/share/rf2o_laser_odometry/environment/ament_prefix_path.sh
[1.251s] -- Up-to-date: /home/biswash/workspace/map_rplidar/install/rf2o_laser_odometry/share/rf2o_laser_odometry/environment/ament_prefix_path.dsv
[1.251s] -- Up-to-date: /home/biswash/workspace/map_rplidar/install/rf2o_laser_odometry/share/rf2o_laser_odometry/environment/path.sh
[1.252s] -- Up-to-date: /home/biswash/workspace/map_rplidar/install/rf2o_laser_odometry/share/rf2o_laser_odometry/environment/path.dsv
[1.252s] -- Up-to-date: /home/biswash/workspace/map_rplidar/install/rf2o_laser_odometry/share/rf2o_laser_odometry/local_setup.bash
[1.252s] -- Up-to-date: /home/biswash/workspace/map_rplidar/install/rf2o_laser_odometry/share/rf2o_laser_odometry/local_setup.sh
[1.252s] -- Up-to-date: /home/biswash/workspace/map_rplidar/install/rf2o_laser_odometry/share/rf2o_laser_odometry/local_setup.zsh
[1.252s] -- Up-to-date: /home/biswash/workspace/map_rplidar/install/rf2o_laser_odometry/share/rf2o_laser_odometry/local_setup.dsv
[1.252s] -- Installing: /home/biswash/workspace/map_rplidar/install/rf2o_laser_odometry/share/rf2o_laser_odometry/package.dsv
[1.252s] -- Up-to-date: /home/biswash/workspace/map_rplidar/install/rf2o_laser_odometry/share/ament_index/resource_index/packages/rf2o_laser_odometry
[1.253s] -- Up-to-date: /home/biswash/workspace/map_rplidar/install/rf2o_laser_odometry/share/rf2o_laser_odometry/cmake/rf2o_laser_odometryConfig.cmake
[1.253s] -- Up-to-date: /home/biswash/workspace/map_rplidar/install/rf2o_laser_odometry/share/rf2o_laser_odometry/cmake/rf2o_laser_odometryConfig-version.cmake
[1.253s] -- Up-to-date: /home/biswash/workspace/map_rplidar/install/rf2o_laser_odometry/share/rf2o_laser_odometry/package.xml
[1.255s] Invoked command in '/home/biswash/workspace/map_rplidar/build/rf2o_laser_odometry' returned '0': CMAKE_PREFIX_PATH=${CMAKE_PREFIX_PATH}:/home/biswash/workspace/map_rplidar/install/mapping_bringup:/home/biswash/workspace/map_rplidar/install/dummy_robot_description:/home/biswash/navigation2_tutorials/install/nav2_mirrored_rectangles:/home/biswash/ws_ros2_camera/install/test_segmented_in_turtlebot:/home/biswash/ws_ros2_camera/install/ros2_opencv:/home/biswash/ws_ros2_camera/install/lane_segmentation_in_ros2:/home/biswash/ws_ros2_camera/install/face_detection_ros2:/home/biswash/workspace/install/src_gazebo_controller:/home/biswash/workspace/install/fl_nav2_helper:/home/biswash/workspace/tutorial_gpt/install/task_1_hello_ros_py:/opt/ros/humble /usr/bin/cmake --install /home/biswash/workspace/map_rplidar/build/rf2o_laser_odometry
