[0.985s] Invoking command in '/home/biswash/workspace/map_rplidar/build/rf2o_laser_odometry': CMAKE_PREFIX_PATH=${CMAKE_PREFIX_PATH}:/home/biswash/workspace/map_rplidar/install/mapping_bringup:/home/biswash/workspace/map_rplidar/install/dummy_robot_description:/home/biswash/navigation2_tutorials/install/nav2_mirrored_rectangles:/home/biswash/ws_ros2_camera/install/test_segmented_in_turtlebot:/home/biswash/ws_ros2_camera/install/ros2_opencv:/home/biswash/ws_ros2_camera/install/lane_segmentation_in_ros2:/home/biswash/ws_ros2_camera/install/face_detection_ros2:/home/biswash/workspace/install/src_gazebo_controller:/home/biswash/workspace/install/fl_nav2_helper:/home/biswash/workspace/tutorial_gpt/install/task_1_hello_ros_py:/opt/ros/humble /usr/bin/cmake /home/biswash/workspace/map_rplidar/src/rf2o_laser_odometry -DCMAKE_INSTALL_PREFIX=/home/biswash/workspace/map_rplidar/install/rf2o_laser_odometry
[1.107s] -- The C compiler identification is GNU 11.4.0
[1.211s] -- The CXX compiler identification is GNU 11.4.0
[1.224s] -- Detecting C compiler ABI info
[1.375s] -- Detecting C compiler ABI info - done
[1.391s] -- Check for working C compiler: /usr/bin/cc - skipped
[1.392s] -- Detecting C compile features
[1.393s] -- Detecting C compile features - done
[1.398s] -- Detecting CXX compiler ABI info
[1.566s] -- Detecting CXX compiler ABI info - done
[1.584s] -- Check for working CXX compiler: /usr/bin/c++ - skipped
[1.585s] -- Detecting CXX compile features
[1.586s] -- Detecting CXX compile features - done
[1.600s] -- Found ament_cmake: 1.3.11 (/opt/ros/humble/share/ament_cmake/cmake)
[2.052s] -- Found Python3: /usr/bin/python3 (found version "3.10.12") found components: Interpreter 
[2.656s] -- Found rclcpp: 16.0.11 (/opt/ros/humble/share/rclcpp/cmake)
[3.070s] -- Found rosidl_generator_c: 3.1.6 (/opt/ros/humble/share/rosidl_generator_c/cmake)
[3.127s] -- Found rosidl_adapter: 3.1.6 (/opt/ros/humble/share/rosidl_adapter/cmake)
[3.217s] -- Found rosidl_generator_cpp: 3.1.6 (/opt/ros/humble/share/rosidl_generator_cpp/cmake)
[3.291s] -- Using all available rosidl_typesupport_c: rosidl_typesupport_fastrtps_c;rosidl_typesupport_introspection_c
[3.452s] -- Using all available rosidl_typesupport_cpp: rosidl_typesupport_fastrtps_cpp;rosidl_typesupport_introspection_cpp
[3.826s] -- Found rmw_implementation_cmake: 6.1.2 (/opt/ros/humble/share/rmw_implementation_cmake/cmake)
[3.849s] -- Found rmw_fastrtps_cpp: 6.2.7 (/opt/ros/humble/share/rmw_fastrtps_cpp/cmake)
[4.333s] -- Found OpenSSL: /usr/lib/x86_64-linux-gnu/libcrypto.so (found version "3.0.2")  
[4.501s] -- Found FastRTPS: /opt/ros/humble/include  
[4.741s] -- Using RMW implementation 'rmw_fastrtps_cpp' as default
[4.796s] -- Looking for pthread.h
[5.098s] -- Looking for pthread.h - found
[5.100s] -- Performing Test CMAKE_HAVE_LIBC_PTHREAD
[5.438s] -- Performing Test CMAKE_HAVE_LIBC_PTHREAD - Success
[5.445s] -- Found Threads: TRUE  
[5.708s] -- Found geometry_msgs: 4.2.4 (/opt/ros/humble/share/geometry_msgs/cmake)
[5.801s] -- Found tf2_geometry_msgs: 0.25.12 (/opt/ros/humble/share/tf2_geometry_msgs/cmake)
[5.884s] -- Found eigen3_cmake_module: 0.1.1 (/opt/ros/humble/share/eigen3_cmake_module/cmake)
[5.885s] -- Found Eigen3: TRUE (found version "3.4.0") 
[5.885s] -- Ensuring Eigen3 include directory is part of orocos-kdl CMake target
[6.330s] -- Found sensor_msgs: 4.2.4 (/opt/ros/humble/share/sensor_msgs/cmake)
[6.396s] -- Found nav_msgs: 4.2.4 (/opt/ros/humble/share/nav_msgs/cmake)
[6.536s] -- Found Boost: /usr/lib/x86_64-linux-gnu/cmake/Boost-1.74.0/BoostConfig.cmake (found version "1.74.0")  
[6.942s] -- Configuring done
[7.053s] -- Generating done
[7.097s] -- Build files have been written to: /home/biswash/workspace/map_rplidar/build/rf2o_laser_odometry
[7.157s] Invoked command in '/home/biswash/workspace/map_rplidar/build/rf2o_laser_odometry' returned '0': CMAKE_PREFIX_PATH=${CMAKE_PREFIX_PATH}:/home/biswash/workspace/map_rplidar/install/mapping_bringup:/home/biswash/workspace/map_rplidar/install/dummy_robot_description:/home/biswash/navigation2_tutorials/install/nav2_mirrored_rectangles:/home/biswash/ws_ros2_camera/install/test_segmented_in_turtlebot:/home/biswash/ws_ros2_camera/install/ros2_opencv:/home/biswash/ws_ros2_camera/install/lane_segmentation_in_ros2:/home/biswash/ws_ros2_camera/install/face_detection_ros2:/home/biswash/workspace/install/src_gazebo_controller:/home/biswash/workspace/install/fl_nav2_helper:/home/biswash/workspace/tutorial_gpt/install/task_1_hello_ros_py:/opt/ros/humble /usr/bin/cmake /home/biswash/workspace/map_rplidar/src/rf2o_laser_odometry -DCMAKE_INSTALL_PREFIX=/home/biswash/workspace/map_rplidar/install/rf2o_laser_odometry
[7.158s] Invoking command in '/home/biswash/workspace/map_rplidar/build/rf2o_laser_odometry': CMAKE_PREFIX_PATH=${CMAKE_PREFIX_PATH}:/home/biswash/workspace/map_rplidar/install/mapping_bringup:/home/biswash/workspace/map_rplidar/install/dummy_robot_description:/home/biswash/navigation2_tutorials/install/nav2_mirrored_rectangles:/home/biswash/ws_ros2_camera/install/test_segmented_in_turtlebot:/home/biswash/ws_ros2_camera/install/ros2_opencv:/home/biswash/ws_ros2_camera/install/lane_segmentation_in_ros2:/home/biswash/ws_ros2_camera/install/face_detection_ros2:/home/biswash/workspace/install/src_gazebo_controller:/home/biswash/workspace/install/fl_nav2_helper:/home/biswash/workspace/tutorial_gpt/install/task_1_hello_ros_py:/opt/ros/humble /usr/bin/cmake --build /home/biswash/workspace/map_rplidar/build/rf2o_laser_odometry -- -j12 -l12
[7.573s] [ 20%] [32mBuilding CXX object CMakeFiles/rf2o_laser_odometry.dir/src/CLaserOdometry2D.cpp.o[0m
[7.622s] [ 40%] [32mBuilding CXX object CMakeFiles/rf2o_laser_odometry_node.dir/src/CLaserOdometry2DNode.cpp.o[0m
[7.649s] [ 60%] [32mBuilding CXX object CMakeFiles/rf2o_laser_odometry_node.dir/src/CLaserOdometry2D.cpp.o[0m
[33.926s] [ 80%] [32m[1mLinking CXX executable rf2o_laser_odometry_node[0m
[34.031s] [100%] [32m[1mLinking CXX static library librf2o_laser_odometry.a[0m
[34.354s] [100%] Built target rf2o_laser_odometry
[35.497s] [100%] Built target rf2o_laser_odometry_node
[35.513s] Invoked command in '/home/biswash/workspace/map_rplidar/build/rf2o_laser_odometry' returned '0': CMAKE_PREFIX_PATH=${CMAKE_PREFIX_PATH}:/home/biswash/workspace/map_rplidar/install/mapping_bringup:/home/biswash/workspace/map_rplidar/install/dummy_robot_description:/home/biswash/navigation2_tutorials/install/nav2_mirrored_rectangles:/home/biswash/ws_ros2_camera/install/test_segmented_in_turtlebot:/home/biswash/ws_ros2_camera/install/ros2_opencv:/home/biswash/ws_ros2_camera/install/lane_segmentation_in_ros2:/home/biswash/ws_ros2_camera/install/face_detection_ros2:/home/biswash/workspace/install/src_gazebo_controller:/home/biswash/workspace/install/fl_nav2_helper:/home/biswash/workspace/tutorial_gpt/install/task_1_hello_ros_py:/opt/ros/humble /usr/bin/cmake --build /home/biswash/workspace/map_rplidar/build/rf2o_laser_odometry -- -j12 -l12
[35.516s] Invoking command in '/home/biswash/workspace/map_rplidar/build/rf2o_laser_odometry': CMAKE_PREFIX_PATH=${CMAKE_PREFIX_PATH}:/home/biswash/workspace/map_rplidar/install/mapping_bringup:/home/biswash/workspace/map_rplidar/install/dummy_robot_description:/home/biswash/navigation2_tutorials/install/nav2_mirrored_rectangles:/home/biswash/ws_ros2_camera/install/test_segmented_in_turtlebot:/home/biswash/ws_ros2_camera/install/ros2_opencv:/home/biswash/ws_ros2_camera/install/lane_segmentation_in_ros2:/home/biswash/ws_ros2_camera/install/face_detection_ros2:/home/biswash/workspace/install/src_gazebo_controller:/home/biswash/workspace/install/fl_nav2_helper:/home/biswash/workspace/tutorial_gpt/install/task_1_hello_ros_py:/opt/ros/humble /usr/bin/cmake --install /home/biswash/workspace/map_rplidar/build/rf2o_laser_odometry
[35.535s] -- Install configuration: ""
[35.535s] -- Installing: /home/biswash/workspace/map_rplidar/install/rf2o_laser_odometry/lib/rf2o_laser_odometry/rf2o_laser_odometry_node
[35.547s] -- Set runtime path of "/home/biswash/workspace/map_rplidar/install/rf2o_laser_odometry/lib/rf2o_laser_odometry/rf2o_laser_odometry_node" to ""
[35.547s] -- Installing: /home/biswash/workspace/map_rplidar/install/rf2o_laser_odometry/share/rf2o_laser_odometry/launch
[35.547s] -- Installing: /home/biswash/workspace/map_rplidar/install/rf2o_laser_odometry/share/rf2o_laser_odometry/launch/__pycache__
[35.547s] -- Installing: /home/biswash/workspace/map_rplidar/install/rf2o_laser_odometry/share/rf2o_laser_odometry/launch/__pycache__/rf2o_laser_odometry.launch.cpython-310.pyc
[35.547s] -- Installing: /home/biswash/workspace/map_rplidar/install/rf2o_laser_odometry/share/rf2o_laser_odometry/launch/rf2o_laser_odometry.launch.py
[35.547s] -- Installing: /home/biswash/workspace/map_rplidar/install/rf2o_laser_odometry/share/ament_index/resource_index/package_run_dependencies/rf2o_laser_odometry
[35.548s] -- Installing: /home/biswash/workspace/map_rplidar/install/rf2o_laser_odometry/share/ament_index/resource_index/parent_prefix_path/rf2o_laser_odometry
[35.548s] -- Installing: /home/biswash/workspace/map_rplidar/install/rf2o_laser_odometry/share/rf2o_laser_odometry/environment/ament_prefix_path.sh
[35.548s] -- Installing: /home/biswash/workspace/map_rplidar/install/rf2o_laser_odometry/share/rf2o_laser_odometry/environment/ament_prefix_path.dsv
[35.548s] -- Installing: /home/biswash/workspace/map_rplidar/install/rf2o_laser_odometry/share/rf2o_laser_odometry/environment/path.sh
[35.548s] -- Installing: /home/biswash/workspace/map_rplidar/install/rf2o_laser_odometry/share/rf2o_laser_odometry/environment/path.dsv
[35.548s] -- Installing: /home/biswash/workspace/map_rplidar/install/rf2o_laser_odometry/share/rf2o_laser_odometry/local_setup.bash
[35.549s] -- Installing: /home/biswash/workspace/map_rplidar/install/rf2o_laser_odometry/share/rf2o_laser_odometry/local_setup.sh
[35.549s] -- Installing: /home/biswash/workspace/map_rplidar/install/rf2o_laser_odometry/share/rf2o_laser_odometry/local_setup.zsh
[35.549s] -- Installing: /home/biswash/workspace/map_rplidar/install/rf2o_laser_odometry/share/rf2o_laser_odometry/local_setup.dsv
[35.549s] -- Installing: /home/biswash/workspace/map_rplidar/install/rf2o_laser_odometry/share/rf2o_laser_odometry/package.dsv
[35.549s] -- Installing: /home/biswash/workspace/map_rplidar/install/rf2o_laser_odometry/share/ament_index/resource_index/packages/rf2o_laser_odometry
[35.549s] -- Installing: /home/biswash/workspace/map_rplidar/install/rf2o_laser_odometry/share/rf2o_laser_odometry/cmake/rf2o_laser_odometryConfig.cmake
[35.549s] -- Installing: /home/biswash/workspace/map_rplidar/install/rf2o_laser_odometry/share/rf2o_laser_odometry/cmake/rf2o_laser_odometryConfig-version.cmake
[35.550s] -- Installing: /home/biswash/workspace/map_rplidar/install/rf2o_laser_odometry/share/rf2o_laser_odometry/package.xml
[35.553s] Invoked command in '/home/biswash/workspace/map_rplidar/build/rf2o_laser_odometry' returned '0': CMAKE_PREFIX_PATH=${CMAKE_PREFIX_PATH}:/home/biswash/workspace/map_rplidar/install/mapping_bringup:/home/biswash/workspace/map_rplidar/install/dummy_robot_description:/home/biswash/navigation2_tutorials/install/nav2_mirrored_rectangles:/home/biswash/ws_ros2_camera/install/test_segmented_in_turtlebot:/home/biswash/ws_ros2_camera/install/ros2_opencv:/home/biswash/ws_ros2_camera/install/lane_segmentation_in_ros2:/home/biswash/ws_ros2_camera/install/face_detection_ros2:/home/biswash/workspace/install/src_gazebo_controller:/home/biswash/workspace/install/fl_nav2_helper:/home/biswash/workspace/tutorial_gpt/install/task_1_hello_ros_py:/opt/ros/humble /usr/bin/cmake --install /home/biswash/workspace/map_rplidar/build/rf2o_laser_odometry
