[0.161s] DEBUG:colcon:Command line arguments: ['/usr/bin/colcon', 'list', '-p', '--base-paths', '/home/biswash/workspace/map_rplidar']
[0.161s] DEBUG:colcon:Parsed command line arguments: Namespace(log_base=None, log_level=None, verb_name='list', build_base='build', ignore_user_meta=False, metas=['./colcon.meta'], base_paths=['/home/biswash/workspace/map_rplidar'], packages_ignore=None, packages_ignore_regex=None, paths=None, packages_up_to=None, packages_up_to_regex=None, packages_above=None, packages_above_and_dependencies=None, packages_above_depth=None, packages_select_by_dep=None, packages_skip_by_dep=None, packages_skip_up_to=None, packages_select_build_failed=False, packages_skip_build_finished=False, packages_select_test_failures=False, packages_skip_test_passed=False, packages_select=None, packages_skip=None, packages_select_regex=None, packages_skip_regex=None, packages_start=None, packages_end=None, allow_overriding=[], topological_order=False, names_only=False, paths_only=True, topological_graph=False, topological_graph_dot=False, topological_graph_density=False, topological_graph_legend=False, topological_graph_dot_cluster=False, topological_graph_dot_include_skipped=False, mixin_files=None, mixin=None, verb_parser=<colcon_mixin.mixin.mixin_argument.MixinArgumentDecorator object at 0x71c14d46a320>, verb_extension=<colcon_package_information.verb.list.ListVerb object at 0x71c14d469390>, main=<bound method ListVerb.main of <colcon_package_information.verb.list.ListVerb object at 0x71c14d469390>>, mixin_verb=('list',))
[0.412s] Level 1:colcon.colcon_core.package_discovery:discover_packages(colcon_meta) check parameters
[0.412s] Level 1:colcon.colcon_core.package_discovery:discover_packages(recursive) check parameters
[0.412s] Level 1:colcon.colcon_core.package_discovery:discover_packages(ignore) check parameters
[0.412s] Level 1:colcon.colcon_core.package_discovery:discover_packages(path) check parameters
[0.413s] Level 1:colcon.colcon_core.package_discovery:discover_packages(recursive) discover
[0.413s] INFO:colcon.colcon_core.package_discovery:Crawling recursively for packages in '/home/biswash/workspace/map_rplidar'
[0.413s] Level 1:colcon.colcon_core.package_identification:_identify(/home/biswash/workspace/map_rplidar) by extensions ['ignore', 'ignore_ament_install']
[0.413s] Level 1:colcon.colcon_core.package_identification:_identify(/home/biswash/workspace/map_rplidar) by extension 'ignore'
[0.413s] Level 1:colcon.colcon_core.package_identification:_identify(/home/biswash/workspace/map_rplidar) by extension 'ignore_ament_install'
[0.413s] Level 1:colcon.colcon_core.package_identification:_identify(/home/biswash/workspace/map_rplidar) by extensions ['colcon_pkg']
[0.413s] Level 1:colcon.colcon_core.package_identification:_identify(/home/biswash/workspace/map_rplidar) by extension 'colcon_pkg'
[0.413s] Level 1:colcon.colcon_core.package_identification:_identify(/home/biswash/workspace/map_rplidar) by extensions ['colcon_meta']
[0.413s] Level 1:colcon.colcon_core.package_identification:_identify(/home/biswash/workspace/map_rplidar) by extension 'colcon_meta'
[0.413s] Level 1:colcon.colcon_core.package_identification:_identify(/home/biswash/workspace/map_rplidar) by extensions ['ros']
[0.413s] Level 1:colcon.colcon_core.package_identification:_identify(/home/biswash/workspace/map_rplidar) by extension 'ros'
[0.431s] Level 1:colcon.colcon_core.package_identification:_identify(/home/biswash/workspace/map_rplidar) by extensions ['cmake', 'python']
[0.431s] Level 1:colcon.colcon_core.package_identification:_identify(/home/biswash/workspace/map_rplidar) by extension 'cmake'
[0.431s] Level 1:colcon.colcon_core.package_identification:_identify(/home/biswash/workspace/map_rplidar) by extension 'python'
[0.431s] Level 1:colcon.colcon_core.package_identification:_identify(/home/biswash/workspace/map_rplidar) by extensions ['python_setup_py']
[0.431s] Level 1:colcon.colcon_core.package_identification:_identify(/home/biswash/workspace/map_rplidar) by extension 'python_setup_py'
[0.431s] Level 1:colcon.colcon_core.package_identification:_identify(/home/biswash/workspace/map_rplidar/Bag file of rplidar) by extensions ['ignore', 'ignore_ament_install']
[0.431s] Level 1:colcon.colcon_core.package_identification:_identify(/home/biswash/workspace/map_rplidar/Bag file of rplidar) by extension 'ignore'
[0.431s] Level 1:colcon.colcon_core.package_identification:_identify(/home/biswash/workspace/map_rplidar/Bag file of rplidar) by extension 'ignore_ament_install'
[0.432s] Level 1:colcon.colcon_core.package_identification:_identify(/home/biswash/workspace/map_rplidar/Bag file of rplidar) by extensions ['colcon_pkg']
[0.432s] Level 1:colcon.colcon_core.package_identification:_identify(/home/biswash/workspace/map_rplidar/Bag file of rplidar) by extension 'colcon_pkg'
[0.432s] Level 1:colcon.colcon_core.package_identification:_identify(/home/biswash/workspace/map_rplidar/Bag file of rplidar) by extensions ['colcon_meta']
[0.432s] Level 1:colcon.colcon_core.package_identification:_identify(/home/biswash/workspace/map_rplidar/Bag file of rplidar) by extension 'colcon_meta'
[0.432s] Level 1:colcon.colcon_core.package_identification:_identify(/home/biswash/workspace/map_rplidar/Bag file of rplidar) by extensions ['ros']
[0.432s] Level 1:colcon.colcon_core.package_identification:_identify(/home/biswash/workspace/map_rplidar/Bag file of rplidar) by extension 'ros'
[0.432s] Level 1:colcon.colcon_core.package_identification:_identify(/home/biswash/workspace/map_rplidar/Bag file of rplidar) by extensions ['cmake', 'python']
[0.432s] Level 1:colcon.colcon_core.package_identification:_identify(/home/biswash/workspace/map_rplidar/Bag file of rplidar) by extension 'cmake'
[0.432s] Level 1:colcon.colcon_core.package_identification:_identify(/home/biswash/workspace/map_rplidar/Bag file of rplidar) by extension 'python'
[0.432s] Level 1:colcon.colcon_core.package_identification:_identify(/home/biswash/workspace/map_rplidar/Bag file of rplidar) by extensions ['python_setup_py']
[0.432s] Level 1:colcon.colcon_core.package_identification:_identify(/home/biswash/workspace/map_rplidar/Bag file of rplidar) by extension 'python_setup_py'
[0.432s] Level 1:colcon.colcon_core.package_identification:_identify(/home/biswash/workspace/map_rplidar/build) by extensions ['ignore', 'ignore_ament_install']
[0.432s] Level 1:colcon.colcon_core.package_identification:_identify(/home/biswash/workspace/map_rplidar/build) by extension 'ignore'
[0.433s] Level 1:colcon.colcon_core.package_identification:_identify(/home/biswash/workspace/map_rplidar/build) ignored
[0.433s] Level 1:colcon.colcon_core.package_identification:_identify(/home/biswash/workspace/map_rplidar/frames) by extensions ['ignore', 'ignore_ament_install']
[0.433s] Level 1:colcon.colcon_core.package_identification:_identify(/home/biswash/workspace/map_rplidar/frames) by extension 'ignore'
[0.433s] Level 1:colcon.colcon_core.package_identification:_identify(/home/biswash/workspace/map_rplidar/frames) by extension 'ignore_ament_install'
[0.433s] Level 1:colcon.colcon_core.package_identification:_identify(/home/biswash/workspace/map_rplidar/frames) by extensions ['colcon_pkg']
[0.433s] Level 1:colcon.colcon_core.package_identification:_identify(/home/biswash/workspace/map_rplidar/frames) by extension 'colcon_pkg'
[0.433s] Level 1:colcon.colcon_core.package_identification:_identify(/home/biswash/workspace/map_rplidar/frames) by extensions ['colcon_meta']
[0.433s] Level 1:colcon.colcon_core.package_identification:_identify(/home/biswash/workspace/map_rplidar/frames) by extension 'colcon_meta'
[0.433s] Level 1:colcon.colcon_core.package_identification:_identify(/home/biswash/workspace/map_rplidar/frames) by extensions ['ros']
[0.433s] Level 1:colcon.colcon_core.package_identification:_identify(/home/biswash/workspace/map_rplidar/frames) by extension 'ros'
[0.433s] Level 1:colcon.colcon_core.package_identification:_identify(/home/biswash/workspace/map_rplidar/frames) by extensions ['cmake', 'python']
[0.433s] Level 1:colcon.colcon_core.package_identification:_identify(/home/biswash/workspace/map_rplidar/frames) by extension 'cmake'
[0.433s] Level 1:colcon.colcon_core.package_identification:_identify(/home/biswash/workspace/map_rplidar/frames) by extension 'python'
[0.434s] Level 1:colcon.colcon_core.package_identification:_identify(/home/biswash/workspace/map_rplidar/frames) by extensions ['python_setup_py']
[0.434s] Level 1:colcon.colcon_core.package_identification:_identify(/home/biswash/workspace/map_rplidar/frames) by extension 'python_setup_py'
[0.434s] Level 1:colcon.colcon_core.package_identification:_identify(/home/biswash/workspace/map_rplidar/install) by extensions ['ignore', 'ignore_ament_install']
[0.434s] Level 1:colcon.colcon_core.package_identification:_identify(/home/biswash/workspace/map_rplidar/install) by extension 'ignore'
[0.434s] Level 1:colcon.colcon_core.package_identification:_identify(/home/biswash/workspace/map_rplidar/install) ignored
[0.434s] Level 1:colcon.colcon_core.package_identification:_identify(/home/biswash/workspace/map_rplidar/log) by extensions ['ignore', 'ignore_ament_install']
[0.434s] Level 1:colcon.colcon_core.package_identification:_identify(/home/biswash/workspace/map_rplidar/log) by extension 'ignore'
[0.434s] Level 1:colcon.colcon_core.package_identification:_identify(/home/biswash/workspace/map_rplidar/log) ignored
[0.434s] Level 1:colcon.colcon_core.package_identification:_identify(/home/biswash/workspace/map_rplidar/src) by extensions ['ignore', 'ignore_ament_install']
[0.435s] Level 1:colcon.colcon_core.package_identification:_identify(/home/biswash/workspace/map_rplidar/src) by extension 'ignore'
[0.435s] Level 1:colcon.colcon_core.package_identification:_identify(/home/biswash/workspace/map_rplidar/src) by extension 'ignore_ament_install'
[0.435s] Level 1:colcon.colcon_core.package_identification:_identify(/home/biswash/workspace/map_rplidar/src) by extensions ['colcon_pkg']
[0.435s] Level 1:colcon.colcon_core.package_identification:_identify(/home/biswash/workspace/map_rplidar/src) by extension 'colcon_pkg'
[0.435s] Level 1:colcon.colcon_core.package_identification:_identify(/home/biswash/workspace/map_rplidar/src) by extensions ['colcon_meta']
[0.435s] Level 1:colcon.colcon_core.package_identification:_identify(/home/biswash/workspace/map_rplidar/src) by extension 'colcon_meta'
[0.435s] Level 1:colcon.colcon_core.package_identification:_identify(/home/biswash/workspace/map_rplidar/src) by extensions ['ros']
[0.435s] Level 1:colcon.colcon_core.package_identification:_identify(/home/biswash/workspace/map_rplidar/src) by extension 'ros'
[0.435s] Level 1:colcon.colcon_core.package_identification:_identify(/home/biswash/workspace/map_rplidar/src) by extensions ['cmake', 'python']
[0.435s] Level 1:colcon.colcon_core.package_identification:_identify(/home/biswash/workspace/map_rplidar/src) by extension 'cmake'
[0.435s] Level 1:colcon.colcon_core.package_identification:_identify(/home/biswash/workspace/map_rplidar/src) by extension 'python'
[0.435s] Level 1:colcon.colcon_core.package_identification:_identify(/home/biswash/workspace/map_rplidar/src) by extensions ['python_setup_py']
[0.435s] Level 1:colcon.colcon_core.package_identification:_identify(/home/biswash/workspace/map_rplidar/src) by extension 'python_setup_py'
[0.435s] Level 1:colcon.colcon_core.package_identification:_identify(/home/biswash/workspace/map_rplidar/src/mapping_bringup) by extensions ['ignore', 'ignore_ament_install']
[0.436s] Level 1:colcon.colcon_core.package_identification:_identify(/home/biswash/workspace/map_rplidar/src/mapping_bringup) by extension 'ignore'
[0.436s] Level 1:colcon.colcon_core.package_identification:_identify(/home/biswash/workspace/map_rplidar/src/mapping_bringup) by extension 'ignore_ament_install'
[0.436s] Level 1:colcon.colcon_core.package_identification:_identify(/home/biswash/workspace/map_rplidar/src/mapping_bringup) by extensions ['colcon_pkg']
[0.436s] Level 1:colcon.colcon_core.package_identification:_identify(/home/biswash/workspace/map_rplidar/src/mapping_bringup) by extension 'colcon_pkg'
[0.436s] Level 1:colcon.colcon_core.package_identification:_identify(/home/biswash/workspace/map_rplidar/src/mapping_bringup) by extensions ['colcon_meta']
[0.436s] Level 1:colcon.colcon_core.package_identification:_identify(/home/biswash/workspace/map_rplidar/src/mapping_bringup) by extension 'colcon_meta'
[0.436s] Level 1:colcon.colcon_core.package_identification:_identify(/home/biswash/workspace/map_rplidar/src/mapping_bringup) by extensions ['ros']
[0.436s] Level 1:colcon.colcon_core.package_identification:_identify(/home/biswash/workspace/map_rplidar/src/mapping_bringup) by extension 'ros'
[0.457s] DEBUG:colcon.colcon_core.package_identification:Package '/home/biswash/workspace/map_rplidar/src/mapping_bringup' with type 'ros.ament_python' and name 'mapping_bringup'
[0.457s] Level 1:colcon.colcon_core.package_identification:_identify(/home/biswash/workspace/map_rplidar/src/rf2o_laser_odometry) by extensions ['ignore', 'ignore_ament_install']
[0.457s] Level 1:colcon.colcon_core.package_identification:_identify(/home/biswash/workspace/map_rplidar/src/rf2o_laser_odometry) by extension 'ignore'
[0.457s] Level 1:colcon.colcon_core.package_identification:_identify(/home/biswash/workspace/map_rplidar/src/rf2o_laser_odometry) by extension 'ignore_ament_install'
[0.457s] Level 1:colcon.colcon_core.package_identification:_identify(/home/biswash/workspace/map_rplidar/src/rf2o_laser_odometry) by extensions ['colcon_pkg']
[0.457s] Level 1:colcon.colcon_core.package_identification:_identify(/home/biswash/workspace/map_rplidar/src/rf2o_laser_odometry) by extension 'colcon_pkg'
[0.457s] Level 1:colcon.colcon_core.package_identification:_identify(/home/biswash/workspace/map_rplidar/src/rf2o_laser_odometry) by extensions ['colcon_meta']
[0.457s] Level 1:colcon.colcon_core.package_identification:_identify(/home/biswash/workspace/map_rplidar/src/rf2o_laser_odometry) by extension 'colcon_meta'
[0.458s] Level 1:colcon.colcon_core.package_identification:_identify(/home/biswash/workspace/map_rplidar/src/rf2o_laser_odometry) by extensions ['ros']
[0.458s] Level 1:colcon.colcon_core.package_identification:_identify(/home/biswash/workspace/map_rplidar/src/rf2o_laser_odometry) by extension 'ros'
[0.459s] DEBUG:colcon.colcon_core.package_identification:Package '/home/biswash/workspace/map_rplidar/src/rf2o_laser_odometry' with type 'ros.ament_cmake' and name 'rf2o_laser_odometry'
[0.459s] Level 1:colcon.colcon_core.package_identification:_identify(/home/biswash/workspace/map_rplidar/src/rplidar_ros) by extensions ['ignore', 'ignore_ament_install']
[0.459s] Level 1:colcon.colcon_core.package_identification:_identify(/home/biswash/workspace/map_rplidar/src/rplidar_ros) by extension 'ignore'
[0.459s] Level 1:colcon.colcon_core.package_identification:_identify(/home/biswash/workspace/map_rplidar/src/rplidar_ros) by extension 'ignore_ament_install'
[0.460s] Level 1:colcon.colcon_core.package_identification:_identify(/home/biswash/workspace/map_rplidar/src/rplidar_ros) by extensions ['colcon_pkg']
[0.460s] Level 1:colcon.colcon_core.package_identification:_identify(/home/biswash/workspace/map_rplidar/src/rplidar_ros) by extension 'colcon_pkg'
[0.460s] Level 1:colcon.colcon_core.package_identification:_identify(/home/biswash/workspace/map_rplidar/src/rplidar_ros) by extensions ['colcon_meta']
[0.460s] Level 1:colcon.colcon_core.package_identification:_identify(/home/biswash/workspace/map_rplidar/src/rplidar_ros) by extension 'colcon_meta'
[0.460s] Level 1:colcon.colcon_core.package_identification:_identify(/home/biswash/workspace/map_rplidar/src/rplidar_ros) by extensions ['ros']
[0.460s] Level 1:colcon.colcon_core.package_identification:_identify(/home/biswash/workspace/map_rplidar/src/rplidar_ros) by extension 'ros'
[0.461s] DEBUG:colcon.colcon_core.package_identification:Package '/home/biswash/workspace/map_rplidar/src/rplidar_ros' with type 'ros.ament_cmake' and name 'rplidar_ros'
[0.461s] Level 1:colcon.colcon_core.package_identification:_identify(/home/biswash/workspace/map_rplidar/src/transforms) by extensions ['ignore', 'ignore_ament_install']
[0.461s] Level 1:colcon.colcon_core.package_identification:_identify(/home/biswash/workspace/map_rplidar/src/transforms) by extension 'ignore'
[0.461s] Level 1:colcon.colcon_core.package_identification:_identify(/home/biswash/workspace/map_rplidar/src/transforms) by extension 'ignore_ament_install'
[0.461s] Level 1:colcon.colcon_core.package_identification:_identify(/home/biswash/workspace/map_rplidar/src/transforms) by extensions ['colcon_pkg']
[0.461s] Level 1:colcon.colcon_core.package_identification:_identify(/home/biswash/workspace/map_rplidar/src/transforms) by extension 'colcon_pkg'
[0.461s] Level 1:colcon.colcon_core.package_identification:_identify(/home/biswash/workspace/map_rplidar/src/transforms) by extensions ['colcon_meta']
[0.461s] Level 1:colcon.colcon_core.package_identification:_identify(/home/biswash/workspace/map_rplidar/src/transforms) by extension 'colcon_meta'
[0.461s] Level 1:colcon.colcon_core.package_identification:_identify(/home/biswash/workspace/map_rplidar/src/transforms) by extensions ['ros']
[0.462s] Level 1:colcon.colcon_core.package_identification:_identify(/home/biswash/workspace/map_rplidar/src/transforms) by extension 'ros'
[0.462s] DEBUG:colcon.colcon_core.package_identification:Package '/home/biswash/workspace/map_rplidar/src/transforms' with type 'ros.ament_cmake' and name 'transforms'
[0.462s] Level 1:colcon.colcon_core.package_discovery:discover_packages(recursive) using defaults
