[1.022s] Invoking command in '/home/biswash/workspace/map_rplidar/build/rplidar_ros': CMAKE_PREFIX_PATH=${CMAKE_PREFIX_PATH}:/home/biswash/workspace/map_rplidar/install/mapping_bringup:/home/biswash/workspace/map_rplidar/install/dummy_robot_description:/home/biswash/navigation2_tutorials/install/nav2_mirrored_rectangles:/home/biswash/ws_ros2_camera/install/test_segmented_in_turtlebot:/home/biswash/ws_ros2_camera/install/ros2_opencv:/home/biswash/ws_ros2_camera/install/lane_segmentation_in_ros2:/home/biswash/ws_ros2_camera/install/face_detection_ros2:/home/biswash/workspace/install/src_gazebo_controller:/home/biswash/workspace/install/fl_nav2_helper:/home/biswash/workspace/tutorial_gpt/install/task_1_hello_ros_py:/opt/ros/humble /usr/bin/cmake --build /home/biswash/workspace/map_rplidar/build/rplidar_ros -- -j12 -l12
[1.125s] [35m[1mConsolidate compiler generated dependencies of target rplidar_client[0m
[1.131s] [35m[1mConsolidate compiler generated dependencies of target rplidar_composition[0m
[1.138s] [35m[1mConsolidate compiler generated dependencies of target rplidar_node[0m
[1.164s] [  5%] Built target rplidar_client
[1.195s] [ 52%] Built target rplidar_composition
[1.205s] [100%] Built target rplidar_node
[1.231s] Invoked command in '/home/biswash/workspace/map_rplidar/build/rplidar_ros' returned '0': CMAKE_PREFIX_PATH=${CMAKE_PREFIX_PATH}:/home/biswash/workspace/map_rplidar/install/mapping_bringup:/home/biswash/workspace/map_rplidar/install/dummy_robot_description:/home/biswash/navigation2_tutorials/install/nav2_mirrored_rectangles:/home/biswash/ws_ros2_camera/install/test_segmented_in_turtlebot:/home/biswash/ws_ros2_camera/install/ros2_opencv:/home/biswash/ws_ros2_camera/install/lane_segmentation_in_ros2:/home/biswash/ws_ros2_camera/install/face_detection_ros2:/home/biswash/workspace/install/src_gazebo_controller:/home/biswash/workspace/install/fl_nav2_helper:/home/biswash/workspace/tutorial_gpt/install/task_1_hello_ros_py:/opt/ros/humble /usr/bin/cmake --build /home/biswash/workspace/map_rplidar/build/rplidar_ros -- -j12 -l12
[1.235s] Invoking command in '/home/biswash/workspace/map_rplidar/build/rplidar_ros': CMAKE_PREFIX_PATH=${CMAKE_PREFIX_PATH}:/home/biswash/workspace/map_rplidar/install/mapping_bringup:/home/biswash/workspace/map_rplidar/install/dummy_robot_description:/home/biswash/navigation2_tutorials/install/nav2_mirrored_rectangles:/home/biswash/ws_ros2_camera/install/test_segmented_in_turtlebot:/home/biswash/ws_ros2_camera/install/ros2_opencv:/home/biswash/ws_ros2_camera/install/lane_segmentation_in_ros2:/home/biswash/ws_ros2_camera/install/face_detection_ros2:/home/biswash/workspace/install/src_gazebo_controller:/home/biswash/workspace/install/fl_nav2_helper:/home/biswash/workspace/tutorial_gpt/install/task_1_hello_ros_py:/opt/ros/humble /usr/bin/cmake --install /home/biswash/workspace/map_rplidar/build/rplidar_ros
[1.251s] -- Install configuration: ""
[1.252s] -- Up-to-date: /home/biswash/workspace/map_rplidar/install/rplidar_ros/share/rplidar_ros/launch
[1.252s] -- Up-to-date: /home/biswash/workspace/map_rplidar/install/rplidar_ros/share/rplidar_ros/launch/__pycache__
[1.252s] -- Up-to-date: /home/biswash/workspace/map_rplidar/install/rplidar_ros/share/rplidar_ros/launch/__pycache__/rplidar_a1_launch.cpython-310.pyc
[1.252s] -- Up-to-date: /home/biswash/workspace/map_rplidar/install/rplidar_ros/share/rplidar_ros/launch/rplidar_a1_launch.py
[1.252s] -- Up-to-date: /home/biswash/workspace/map_rplidar/install/rplidar_ros/share/rplidar_ros/launch/view_rplidar_a1_launch.py
[1.253s] -- Up-to-date: /home/biswash/workspace/map_rplidar/install/rplidar_ros/share/rplidar_ros/rviz
[1.253s] -- Up-to-date: /home/biswash/workspace/map_rplidar/install/rplidar_ros/share/rplidar_ros/rviz/rplidar_ros.rviz
[1.253s] -- Up-to-date: /home/biswash/workspace/map_rplidar/install/rplidar_ros/lib/rplidar_ros/rplidar_node
[1.253s] -- Up-to-date: /home/biswash/workspace/map_rplidar/install/rplidar_ros/lib/rplidar_ros/rplidar_composition
[1.253s] -- Up-to-date: /home/biswash/workspace/map_rplidar/install/rplidar_ros/lib/rplidar_ros/rplidar_client
[1.253s] -- Up-to-date: /home/biswash/workspace/map_rplidar/install/rplidar_ros/share/ament_index/resource_index/package_run_dependencies/rplidar_ros
[1.253s] -- Up-to-date: /home/biswash/workspace/map_rplidar/install/rplidar_ros/share/ament_index/resource_index/parent_prefix_path/rplidar_ros
[1.254s] -- Up-to-date: /home/biswash/workspace/map_rplidar/install/rplidar_ros/share/rplidar_ros/environment/ament_prefix_path.sh
[1.254s] -- Up-to-date: /home/biswash/workspace/map_rplidar/install/rplidar_ros/share/rplidar_ros/environment/ament_prefix_path.dsv
[1.254s] -- Up-to-date: /home/biswash/workspace/map_rplidar/install/rplidar_ros/share/rplidar_ros/environment/path.sh
[1.254s] -- Up-to-date: /home/biswash/workspace/map_rplidar/install/rplidar_ros/share/rplidar_ros/environment/path.dsv
[1.254s] -- Up-to-date: /home/biswash/workspace/map_rplidar/install/rplidar_ros/share/rplidar_ros/local_setup.bash
[1.254s] -- Up-to-date: /home/biswash/workspace/map_rplidar/install/rplidar_ros/share/rplidar_ros/local_setup.sh
[1.255s] -- Up-to-date: /home/biswash/workspace/map_rplidar/install/rplidar_ros/share/rplidar_ros/local_setup.zsh
[1.255s] -- Up-to-date: /home/biswash/workspace/map_rplidar/install/rplidar_ros/share/rplidar_ros/local_setup.dsv
[1.255s] -- Installing: /home/biswash/workspace/map_rplidar/install/rplidar_ros/share/rplidar_ros/package.dsv
[1.255s] -- Up-to-date: /home/biswash/workspace/map_rplidar/install/rplidar_ros/share/ament_index/resource_index/packages/rplidar_ros
[1.255s] -- Up-to-date: /home/biswash/workspace/map_rplidar/install/rplidar_ros/share/rplidar_ros/cmake/ament_cmake_export_dependencies-extras.cmake
[1.256s] -- Up-to-date: /home/biswash/workspace/map_rplidar/install/rplidar_ros/share/rplidar_ros/cmake/ament_cmake_export_include_directories-extras.cmake
[1.256s] -- Up-to-date: /home/biswash/workspace/map_rplidar/install/rplidar_ros/share/rplidar_ros/cmake/rplidar_rosConfig.cmake
[1.256s] -- Up-to-date: /home/biswash/workspace/map_rplidar/install/rplidar_ros/share/rplidar_ros/cmake/rplidar_rosConfig-version.cmake
[1.256s] -- Up-to-date: /home/biswash/workspace/map_rplidar/install/rplidar_ros/share/rplidar_ros/package.xml
[1.266s] Invoked command in '/home/biswash/workspace/map_rplidar/build/rplidar_ros' returned '0': CMAKE_PREFIX_PATH=${CMAKE_PREFIX_PATH}:/home/biswash/workspace/map_rplidar/install/mapping_bringup:/home/biswash/workspace/map_rplidar/install/dummy_robot_description:/home/biswash/navigation2_tutorials/install/nav2_mirrored_rectangles:/home/biswash/ws_ros2_camera/install/test_segmented_in_turtlebot:/home/biswash/ws_ros2_camera/install/ros2_opencv:/home/biswash/ws_ros2_camera/install/lane_segmentation_in_ros2:/home/biswash/ws_ros2_camera/install/face_detection_ros2:/home/biswash/workspace/install/src_gazebo_controller:/home/biswash/workspace/install/fl_nav2_helper:/home/biswash/workspace/tutorial_gpt/install/task_1_hello_ros_py:/opt/ros/humble /usr/bin/cmake --install /home/biswash/workspace/map_rplidar/build/rplidar_ros
