[1.603s] Invoking command in '/home/biswash/workspace/map_rplidar/src/mapping_bringup': PYTHONPATH=/home/biswash/workspace/map_rplidar/build/mapping_bringup/prefix_override:/usr/lib/python3/dist-packages/colcon_core/task/python/colcon_distutils_commands:/home/biswash/workspace/map_rplidar/install/mapping_bringup/lib/python3.10/site-packages:${PYTHONPATH} /usr/bin/python3 -W ignore:setup.py install is deprecated -W ignore:easy_install command is deprecated setup.py egg_info --egg-base ../../build/mapping_bringup build --build-base /home/biswash/workspace/map_rplidar/build/mapping_bringup/build install --record /home/biswash/workspace/map_rplidar/build/mapping_bringup/install.log --single-version-externally-managed install_data
[1.998s] running egg_info
[1.999s] writing ../../build/mapping_bringup/mapping_bringup.egg-info/PKG-INFO
[1.999s] writing dependency_links to ../../build/mapping_bringup/mapping_bringup.egg-info/dependency_links.txt
[1.999s] writing entry points to ../../build/mapping_bringup/mapping_bringup.egg-info/entry_points.txt
[1.999s] writing requirements to ../../build/mapping_bringup/mapping_bringup.egg-info/requires.txt
[2.000s] writing top-level names to ../../build/mapping_bringup/mapping_bringup.egg-info/top_level.txt
[2.002s] reading manifest file '../../build/mapping_bringup/mapping_bringup.egg-info/SOURCES.txt'
[2.004s] writing manifest file '../../build/mapping_bringup/mapping_bringup.egg-info/SOURCES.txt'
[2.004s] running build
[2.004s] running build_py
[2.004s] running install
[2.005s] running install_lib
[2.007s] running install_data
[2.007s] copying launch/bag_rp_lidar_slam_launch.py -> /home/biswash/workspace/map_rplidar/install/mapping_bringup/share/mapping_bringup/launch
[2.007s] running install_egg_info
[2.010s] removing '/home/biswash/workspace/map_rplidar/install/mapping_bringup/lib/python3.10/site-packages/mapping_bringup-0.0.0-py3.10.egg-info' (and everything under it)
[2.010s] Copying ../../build/mapping_bringup/mapping_bringup.egg-info to /home/biswash/workspace/map_rplidar/install/mapping_bringup/lib/python3.10/site-packages/mapping_bringup-0.0.0-py3.10.egg-info
[2.012s] running install_scripts
[2.041s] writing list of installed files to '/home/biswash/workspace/map_rplidar/build/mapping_bringup/install.log'
[2.083s] Invoked command in '/home/biswash/workspace/map_rplidar/src/mapping_bringup' returned '0': PYTHONPATH=/home/biswash/workspace/map_rplidar/build/mapping_bringup/prefix_override:/usr/lib/python3/dist-packages/colcon_core/task/python/colcon_distutils_commands:/home/biswash/workspace/map_rplidar/install/mapping_bringup/lib/python3.10/site-packages:${PYTHONPATH} /usr/bin/python3 -W ignore:setup.py install is deprecated -W ignore:easy_install command is deprecated setup.py egg_info --egg-base ../../build/mapping_bringup build --build-base /home/biswash/workspace/map_rplidar/build/mapping_bringup/build install --record /home/biswash/workspace/map_rplidar/build/mapping_bringup/install.log --single-version-externally-managed install_data
