[1.613s] Invoking command in '/home/biswash/workspace/map_rplidar/src/dummy_robot_description': PYTHONPATH=/home/biswash/workspace/map_rplidar/build/dummy_robot_description/prefix_override:/usr/lib/python3/dist-packages/colcon_core/task/python/colcon_distutils_commands:/home/biswash/workspace/map_rplidar/install/dummy_robot_description/lib/python3.10/site-packages:${PYTHONPATH} /usr/bin/python3 -W ignore:setup.py install is deprecated -W ignore:easy_install command is deprecated setup.py egg_info --egg-base ../../build/dummy_robot_description build --build-base /home/biswash/workspace/map_rplidar/build/dummy_robot_description/build install --record /home/biswash/workspace/map_rplidar/build/dummy_robot_description/install.log --single-version-externally-managed install_data
[1.997s] running egg_info
[1.998s] writing ../../build/dummy_robot_description/dummy_robot_description.egg-info/PKG-INFO
[1.998s] writing dependency_links to ../../build/dummy_robot_description/dummy_robot_description.egg-info/dependency_links.txt
[1.998s] writing entry points to ../../build/dummy_robot_description/dummy_robot_description.egg-info/entry_points.txt
[1.999s] writing requirements to ../../build/dummy_robot_description/dummy_robot_description.egg-info/requires.txt
[1.999s] writing top-level names to ../../build/dummy_robot_description/dummy_robot_description.egg-info/top_level.txt
[2.001s] reading manifest file '../../build/dummy_robot_description/dummy_robot_description.egg-info/SOURCES.txt'
[2.002s] writing manifest file '../../build/dummy_robot_description/dummy_robot_description.egg-info/SOURCES.txt'
[2.003s] running build
[2.003s] running build_py
[2.003s] running install
[2.003s] running install_lib
[2.005s] running install_data
[2.005s] running install_egg_info
[2.008s] removing '/home/biswash/workspace/map_rplidar/install/dummy_robot_description/lib/python3.10/site-packages/dummy_robot_description-0.0.0-py3.10.egg-info' (and everything under it)
[2.008s] Copying ../../build/dummy_robot_description/dummy_robot_description.egg-info to /home/biswash/workspace/map_rplidar/install/dummy_robot_description/lib/python3.10/site-packages/dummy_robot_description-0.0.0-py3.10.egg-info
[2.010s] running install_scripts
[2.040s] writing list of installed files to '/home/biswash/workspace/map_rplidar/build/dummy_robot_description/install.log'
[2.077s] Invoked command in '/home/biswash/workspace/map_rplidar/src/dummy_robot_description' returned '0': PYTHONPATH=/home/biswash/workspace/map_rplidar/build/dummy_robot_description/prefix_override:/usr/lib/python3/dist-packages/colcon_core/task/python/colcon_distutils_commands:/home/biswash/workspace/map_rplidar/install/dummy_robot_description/lib/python3.10/site-packages:${PYTHONPATH} /usr/bin/python3 -W ignore:setup.py install is deprecated -W ignore:easy_install command is deprecated setup.py egg_info --egg-base ../../build/dummy_robot_description build --build-base /home/biswash/workspace/map_rplidar/build/dummy_robot_description/build install --record /home/biswash/workspace/map_rplidar/build/dummy_robot_description/install.log --single-version-externally-managed install_data
